<?xml version="1.0" encoding="UTF-8"?>
<testsuite xmlns:xsi="http://www.w3.org/2001/XMLSchema-instance" xsi:noNamespaceSchemaLocation="https://maven.apache.org/surefire/maven-surefire-plugin/xsd/surefire-test-report.xsd" name="base.BaseTest" time="1.696" tests="3" errors="0" skipped="0" failures="0">
  <properties>
[...]
</properties>
  <testcase name="validate_test_positive" classname="base.BaseTest" time="1.314"/>
  <testcase name="validate_create_Test_negative" classname="base.BaseTest" time="0.183"/>
  <testcase name="validate_test_negative" classname="base.BaseTest" time="0.192"/>
</testsuite>